[4/06/2018 9:20:08 AM]	Conversion started.	C:\Development\SubcontractorPortal15.1	OK
[4/06/2018 9:20:09 AM]		C:\Development\SubcontractorPortal15.1\SubcontractorDataComponents\SubcontractorDataComponents\SubcontractorDataComponents.csproj	Skipped
[4/06/2018 9:20:09 AM]		C:\Development\SubcontractorPortal15.1\SubcontractorDataComponents\SubcontractorDataComponents\Web.Debug.config	Skipped
[4/06/2018 9:20:09 AM]		C:\Development\SubcontractorPortal15.1\SubcontractorDataComponents\SubcontractorDataComponents\Web.Release.config	Skipped
[4/06/2018 9:20:09 AM]		C:\Development\SubcontractorPortal15.1\SubcontractorDataComponents\SubcontractorDataComponents\DA.cs	Skipped
[4/06/2018 9:20:09 AM]		C:\Development\SubcontractorPortal15.1\SubcontractorDataComponents\SubcontractorDataComponents\DA.FileOperations.cs	Skipped
[4/06/2018 9:20:09 AM]		C:\Development\SubcontractorPortal15.1\SubcontractorDataComponents\SubcontractorDataComponents\Documents.cs	Skipped
[4/06/2018 9:20:09 AM]		C:\Development\SubcontractorPortal15.1\SubcontractorDataComponents\SubcontractorDataComponents\Users.cs	Skipped
[4/06/2018 9:20:09 AM]		C:\Development\SubcontractorPortal15.1\SubcontractorDataComponents\SubcontractorDataComponents\Variation.cs	Skipped
[4/06/2018 9:20:09 AM]		C:\Development\SubcontractorPortal15.1\SubcontractorDataComponents\SubcontractorDataComponents\WorkOrder.cs	Skipped
[4/06/2018 9:20:09 AM]		C:\Development\SubcontractorPortal15.1\SubcontractorDataComponents\SubcontractorDataComponents\Properties\AssemblyInfo.cs	Skipped
[4/06/2018 9:20:09 AM]		C:\Development\SubcontractorPortal15.1\SubcontractorDataComponents\SubcontractorDataComponents\obj\Debug\TemporaryGeneratedFile_036C0B5B-1481-4323-8D20-8F5ADCB23D92.cs	Skipped
[4/06/2018 9:20:09 AM]		C:\Development\SubcontractorPortal15.1\SubcontractorDataComponents\SubcontractorDataComponents\obj\Debug\TemporaryGeneratedFile_5937a670-0e60-4077-877b-f7221da3dda1.cs	Skipped
[4/06/2018 9:20:09 AM]		C:\Development\SubcontractorPortal15.1\SubcontractorDataComponents\SubcontractorDataComponents\obj\Debug\TemporaryGeneratedFile_E7A71F73-0F8D-4B9B-B56E-8E70B10BC5D3.cs	Skipped
[4/06/2018 9:20:09 AM]		C:\Development\SubcontractorPortal15.1\SubcontractorDataComponents\SubcontractorDataComponents\obj\Release\TemporaryGeneratedFile_036C0B5B-1481-4323-8D20-8F5ADCB23D92.cs	Skipped
[4/06/2018 9:20:10 AM]		C:\Development\SubcontractorPortal15.1\SubcontractorDataComponents\SubcontractorDataComponents\obj\Release\TemporaryGeneratedFile_5937a670-0e60-4077-877b-f7221da3dda1.cs	Skipped
[4/06/2018 9:20:10 AM]		C:\Development\SubcontractorPortal15.1\SubcontractorDataComponents\SubcontractorDataComponents\obj\Release\TemporaryGeneratedFile_E7A71F73-0F8D-4B9B-B56E-8E70B10BC5D3.cs	Skipped
[4/06/2018 9:20:10 AM]		C:\Development\SubcontractorPortal15.1\SubcontractorPortal\HTMLToPDF\HTMLToPDF.csproj	Skipped
[4/06/2018 9:20:10 AM]		C:\Development\SubcontractorPortal15.1\SubcontractorPortal\HTMLToPDF\Web.Debug.config	Skipped
[4/06/2018 9:20:10 AM]		C:\Development\SubcontractorPortal15.1\SubcontractorPortal\HTMLToPDF\Web.Release.config	Skipped
[4/06/2018 9:20:12 AM]		C:\Development\SubcontractorPortal15.1\SubcontractorPortal\SubcontractorPortal\SubcontractorPortal.csproj	OK
[4/06/2018 9:20:12 AM]		C:\Development\SubcontractorPortal15.1\SubcontractorPortal\SubcontractorPortal\Default.aspx	Skipped
[4/06/2018 9:20:12 AM]		C:\Development\SubcontractorPortal15.1\SubcontractorPortal\SubcontractorPortal\Logout.aspx	Skipped
[4/06/2018 9:20:13 AM]		C:\Development\SubcontractorPortal15.1\SubcontractorPortal\SubcontractorPortal\PDF.aspx	Skipped
[4/06/2018 9:20:13 AM]		C:\Development\SubcontractorPortal15.1\SubcontractorPortal\SubcontractorPortal\TopPage.aspx	Skipped
[4/06/2018 9:20:13 AM]		C:\Development\SubcontractorPortal15.1\SubcontractorPortal\SubcontractorPortal\TopPageStaff.aspx	Skipped
[4/06/2018 9:20:13 AM]		C:\Development\SubcontractorPortal15.1\SubcontractorPortal\SubcontractorPortal\Global.asax	Skipped
[4/06/2018 9:20:13 AM]		C:\Development\SubcontractorPortal15.1\SubcontractorPortal\SubcontractorPortal\Login.Master	Skipped
[4/06/2018 9:20:13 AM]		C:\Development\SubcontractorPortal15.1\SubcontractorPortal\SubcontractorPortal\Web.Debug.config	Error processing file:
Unexpected end tag. Line 31, position 3.
[4/06/2018 9:20:13 AM]		C:\Development\SubcontractorPortal15.1\SubcontractorPortal\SubcontractorPortal\Web.Release.config	Skipped
[4/06/2018 9:20:13 AM]		C:\Development\SubcontractorPortal15.1\SubcontractorPortal\SubcontractorPortal\Default.aspx.cs	Skipped
[4/06/2018 9:20:13 AM]		C:\Development\SubcontractorPortal15.1\SubcontractorPortal\SubcontractorPortal\Default.aspx.designer.cs	Skipped
[4/06/2018 9:20:13 AM]		C:\Development\SubcontractorPortal15.1\SubcontractorPortal\SubcontractorPortal\Global.asax.cs	OK
[4/06/2018 9:20:13 AM]		C:\Development\SubcontractorPortal15.1\SubcontractorPortal\SubcontractorPortal\Login.Master.cs	Skipped
[4/06/2018 9:20:13 AM]		C:\Development\SubcontractorPortal15.1\SubcontractorPortal\SubcontractorPortal\Login.Master.designer.cs	Skipped
[4/06/2018 9:20:13 AM]		C:\Development\SubcontractorPortal15.1\SubcontractorPortal\SubcontractorPortal\Logout.aspx.cs	Skipped
[4/06/2018 9:20:13 AM]		C:\Development\SubcontractorPortal15.1\SubcontractorPortal\SubcontractorPortal\Logout.aspx.designer.cs	Skipped
[4/06/2018 9:20:13 AM]		C:\Development\SubcontractorPortal15.1\SubcontractorPortal\SubcontractorPortal\PDF.aspx.cs	Skipped
[4/06/2018 9:20:13 AM]		C:\Development\SubcontractorPortal15.1\SubcontractorPortal\SubcontractorPortal\PDF.aspx.designer.cs	Skipped
[4/06/2018 9:20:13 AM]		C:\Development\SubcontractorPortal15.1\SubcontractorPortal\SubcontractorPortal\TopPage.aspx.cs	Skipped
[4/06/2018 9:20:13 AM]		C:\Development\SubcontractorPortal15.1\SubcontractorPortal\SubcontractorPortal\TopPage.aspx.designer.cs	Skipped
[4/06/2018 9:20:13 AM]		C:\Development\SubcontractorPortal15.1\SubcontractorPortal\SubcontractorPortal\TopPageStaff.aspx.cs	Skipped
[4/06/2018 9:20:13 AM]		C:\Development\SubcontractorPortal15.1\SubcontractorPortal\SubcontractorPortal\TopPageStaff.aspx.designer.cs	Skipped
[4/06/2018 9:20:13 AM]		C:\Development\SubcontractorPortal15.1\SubcontractorPortal\HTMLToPDF\Properties\AssemblyInfo.cs	Skipped
[4/06/2018 9:20:13 AM]		C:\Development\SubcontractorPortal15.1\SubcontractorPortal\HTMLToPDF\obj\Debug\TemporaryGeneratedFile_036C0B5B-1481-4323-8D20-8F5ADCB23D92.cs	Skipped
[4/06/2018 9:20:13 AM]		C:\Development\SubcontractorPortal15.1\SubcontractorPortal\HTMLToPDF\obj\Debug\TemporaryGeneratedFile_5937a670-0e60-4077-877b-f7221da3dda1.cs	Skipped
[4/06/2018 9:20:13 AM]		C:\Development\SubcontractorPortal15.1\SubcontractorPortal\HTMLToPDF\obj\Debug\TemporaryGeneratedFile_E7A71F73-0F8D-4B9B-B56E-8E70B10BC5D3.cs	Skipped
[4/06/2018 9:20:13 AM]		C:\Development\SubcontractorPortal15.1\SubcontractorPortal\HTMLToPDF\obj\Release\TemporaryGeneratedFile_036C0B5B-1481-4323-8D20-8F5ADCB23D92.cs	Skipped
[4/06/2018 9:20:13 AM]		C:\Development\SubcontractorPortal15.1\SubcontractorPortal\HTMLToPDF\obj\Release\TemporaryGeneratedFile_5937a670-0e60-4077-877b-f7221da3dda1.cs	Skipped
[4/06/2018 9:20:13 AM]		C:\Development\SubcontractorPortal15.1\SubcontractorPortal\HTMLToPDF\obj\Release\TemporaryGeneratedFile_E7A71F73-0F8D-4B9B-B56E-8E70B10BC5D3.cs	Skipped
[4/06/2018 9:20:13 AM]		C:\Development\SubcontractorPortal15.1\SubcontractorPortal\SubcontractorPortal\Administration\Licenses.aspx	Skipped
[4/06/2018 9:20:13 AM]		C:\Development\SubcontractorPortal15.1\SubcontractorPortal\SubcontractorPortal\Administration\Licenses.aspx.cs	OK
[4/06/2018 9:20:13 AM]		C:\Development\SubcontractorPortal15.1\SubcontractorPortal\SubcontractorPortal\Administration\Licenses.aspx.designer.cs	OK
[4/06/2018 9:20:13 AM]		C:\Development\SubcontractorPortal15.1\SubcontractorPortal\SubcontractorPortal\MakeSafe\CompletionCertificate.aspx	Skipped
[4/06/2018 9:20:14 AM]		C:\Development\SubcontractorPortal15.1\SubcontractorPortal\SubcontractorPortal\MakeSafe\Photos.aspx	Skipped
[4/06/2018 9:20:14 AM]		C:\Development\SubcontractorPortal15.1\SubcontractorPortal\SubcontractorPortal\MakeSafe\RiskAssessment.aspx	Skipped
[4/06/2018 9:20:14 AM]		C:\Development\SubcontractorPortal15.1\SubcontractorPortal\SubcontractorPortal\MakeSafe\TradesOnSite.aspx	Skipped
[4/06/2018 9:20:14 AM]		C:\Development\SubcontractorPortal15.1\SubcontractorPortal\SubcontractorPortal\MakeSafe\WhatToDo.aspx	Skipped
[4/06/2018 9:20:14 AM]		C:\Development\SubcontractorPortal15.1\SubcontractorPortal\SubcontractorPortal\MakeSafe\WhatToDoCancelled.aspx	Skipped
[4/06/2018 9:20:14 AM]		C:\Development\SubcontractorPortal15.1\SubcontractorPortal\SubcontractorPortal\MakeSafe\WhatToDoProgress.aspx	Skipped
[4/06/2018 9:20:14 AM]		C:\Development\SubcontractorPortal15.1\SubcontractorPortal\SubcontractorPortal\MakeSafe\WorkOrderAudit.aspx	Skipped
[4/06/2018 9:20:14 AM]		C:\Development\SubcontractorPortal15.1\SubcontractorPortal\SubcontractorPortal\MakeSafe\WorkOrderDetail.aspx	Skipped
[4/06/2018 9:20:14 AM]		C:\Development\SubcontractorPortal15.1\SubcontractorPortal\SubcontractorPortal\MakeSafe\WorkOrderList.aspx	Skipped
[4/06/2018 9:20:14 AM]		C:\Development\SubcontractorPortal15.1\SubcontractorPortal\SubcontractorPortal\MakeSafe\WorkorderListStaff.aspx	Skipped
[4/06/2018 9:20:14 AM]		C:\Development\SubcontractorPortal15.1\SubcontractorPortal\SubcontractorPortal\MakeSafe\WorkOrderView.aspx	Skipped
[4/06/2018 9:20:14 AM]		C:\Development\SubcontractorPortal15.1\SubcontractorPortal\SubcontractorPortal\MakeSafe\CompletionCertificate.ascx	Skipped
[4/06/2018 9:20:14 AM]		C:\Development\SubcontractorPortal15.1\SubcontractorPortal\SubcontractorPortal\MakeSafe\Photos.ascx	Skipped
[4/06/2018 9:20:14 AM]		C:\Development\SubcontractorPortal15.1\SubcontractorPortal\SubcontractorPortal\MakeSafe\RiskAssessment.ascx	Skipped
[4/06/2018 9:20:14 AM]		C:\Development\SubcontractorPortal15.1\SubcontractorPortal\SubcontractorPortal\MakeSafe\TradesOnSite.ascx	Skipped
[4/06/2018 9:20:14 AM]		C:\Development\SubcontractorPortal15.1\SubcontractorPortal\SubcontractorPortal\MakeSafe\WorkOrderAudit.ascx	Skipped
[4/06/2018 9:20:14 AM]		C:\Development\SubcontractorPortal15.1\SubcontractorPortal\SubcontractorPortal\MakeSafe\CompletionCertificate.ascx.cs	Skipped
[4/06/2018 9:20:14 AM]		C:\Development\SubcontractorPortal15.1\SubcontractorPortal\SubcontractorPortal\MakeSafe\CompletionCertificate.ascx.designer.cs	Skipped
[4/06/2018 9:20:14 AM]		C:\Development\SubcontractorPortal15.1\SubcontractorPortal\SubcontractorPortal\MakeSafe\CompletionCertificate.aspx.cs	Skipped
[4/06/2018 9:20:14 AM]		C:\Development\SubcontractorPortal15.1\SubcontractorPortal\SubcontractorPortal\MakeSafe\CompletionCertificate.aspx.designer.cs	Skipped
[4/06/2018 9:20:14 AM]		C:\Development\SubcontractorPortal15.1\SubcontractorPortal\SubcontractorPortal\MakeSafe\Photos.ascx.cs	Skipped
[4/06/2018 9:20:14 AM]		C:\Development\SubcontractorPortal15.1\SubcontractorPortal\SubcontractorPortal\MakeSafe\Photos.ascx.designer.cs	Skipped
[4/06/2018 9:20:14 AM]		C:\Development\SubcontractorPortal15.1\SubcontractorPortal\SubcontractorPortal\MakeSafe\Photos.aspx.cs	OK
[4/06/2018 9:20:14 AM]		C:\Development\SubcontractorPortal15.1\SubcontractorPortal\SubcontractorPortal\MakeSafe\Photos.aspx.designer.cs	OK
[4/06/2018 9:20:14 AM]		C:\Development\SubcontractorPortal15.1\SubcontractorPortal\SubcontractorPortal\MakeSafe\RiskAssessment.ascx.cs	Skipped
[4/06/2018 9:20:14 AM]		C:\Development\SubcontractorPortal15.1\SubcontractorPortal\SubcontractorPortal\MakeSafe\RiskAssessment.ascx.designer.cs	Skipped
[4/06/2018 9:20:14 AM]		C:\Development\SubcontractorPortal15.1\SubcontractorPortal\SubcontractorPortal\MakeSafe\RiskAssessment.aspx.cs	Skipped
[4/06/2018 9:20:14 AM]		C:\Development\SubcontractorPortal15.1\SubcontractorPortal\SubcontractorPortal\MakeSafe\RiskAssessment.aspx.designer.cs	Skipped
[4/06/2018 9:20:14 AM]		C:\Development\SubcontractorPortal15.1\SubcontractorPortal\SubcontractorPortal\MakeSafe\TradesOnSite.ascx.cs	Skipped
[4/06/2018 9:20:14 AM]		C:\Development\SubcontractorPortal15.1\SubcontractorPortal\SubcontractorPortal\MakeSafe\TradesOnSite.ascx.designer.cs	Skipped
[4/06/2018 9:20:14 AM]		C:\Development\SubcontractorPortal15.1\SubcontractorPortal\SubcontractorPortal\MakeSafe\TradesOnSite.aspx.cs	Skipped
[4/06/2018 9:20:14 AM]		C:\Development\SubcontractorPortal15.1\SubcontractorPortal\SubcontractorPortal\MakeSafe\TradesOnSite.aspx.designer.cs	Skipped
[4/06/2018 9:20:15 AM]		C:\Development\SubcontractorPortal15.1\SubcontractorPortal\SubcontractorPortal\MakeSafe\WhatToDo.aspx.cs	Skipped
[4/06/2018 9:20:15 AM]		C:\Development\SubcontractorPortal15.1\SubcontractorPortal\SubcontractorPortal\MakeSafe\WhatToDo.aspx.designer.cs	OK
[4/06/2018 9:20:15 AM]		C:\Development\SubcontractorPortal15.1\SubcontractorPortal\SubcontractorPortal\MakeSafe\WhatToDoCancelled.aspx.cs	OK
[4/06/2018 9:20:15 AM]		C:\Development\SubcontractorPortal15.1\SubcontractorPortal\SubcontractorPortal\MakeSafe\WhatToDoCancelled.aspx.designer.cs	OK
[4/06/2018 9:20:15 AM]		C:\Development\SubcontractorPortal15.1\SubcontractorPortal\SubcontractorPortal\MakeSafe\WhatToDoProgress.aspx.cs	OK
[4/06/2018 9:20:15 AM]		C:\Development\SubcontractorPortal15.1\SubcontractorPortal\SubcontractorPortal\MakeSafe\WhatToDoProgress.aspx.designer.cs	OK
[4/06/2018 9:20:15 AM]		C:\Development\SubcontractorPortal15.1\SubcontractorPortal\SubcontractorPortal\MakeSafe\WorkOrderAudit.ascx.cs	Skipped
[4/06/2018 9:20:15 AM]		C:\Development\SubcontractorPortal15.1\SubcontractorPortal\SubcontractorPortal\MakeSafe\WorkOrderAudit.ascx.designer.cs	Skipped
[4/06/2018 9:20:15 AM]		C:\Development\SubcontractorPortal15.1\SubcontractorPortal\SubcontractorPortal\MakeSafe\WorkOrderAudit.aspx.cs	Skipped
[4/06/2018 9:20:15 AM]		C:\Development\SubcontractorPortal15.1\SubcontractorPortal\SubcontractorPortal\MakeSafe\WorkOrderAudit.aspx.designer.cs	OK
[4/06/2018 9:20:15 AM]		C:\Development\SubcontractorPortal15.1\SubcontractorPortal\SubcontractorPortal\MakeSafe\WorkOrderDetail.aspx.cs	Skipped
[4/06/2018 9:20:15 AM]		C:\Development\SubcontractorPortal15.1\SubcontractorPortal\SubcontractorPortal\MakeSafe\WorkOrderDetail.aspx.designer.cs	Skipped
[4/06/2018 9:20:15 AM]		C:\Development\SubcontractorPortal15.1\SubcontractorPortal\SubcontractorPortal\MakeSafe\WorkOrderList.aspx.cs	Skipped
[4/06/2018 9:20:15 AM]		C:\Development\SubcontractorPortal15.1\SubcontractorPortal\SubcontractorPortal\MakeSafe\WorkOrderList.aspx.designer.cs	OK
[4/06/2018 9:20:15 AM]		C:\Development\SubcontractorPortal15.1\SubcontractorPortal\SubcontractorPortal\MakeSafe\WorkorderListStaff.aspx.cs	Skipped
[4/06/2018 9:20:15 AM]		C:\Development\SubcontractorPortal15.1\SubcontractorPortal\SubcontractorPortal\MakeSafe\WorkorderListStaff.aspx.designer.cs	OK
[4/06/2018 9:20:15 AM]		C:\Development\SubcontractorPortal15.1\SubcontractorPortal\SubcontractorPortal\MakeSafe\WorkOrderView.aspx.cs	OK
[4/06/2018 9:20:15 AM]		C:\Development\SubcontractorPortal15.1\SubcontractorPortal\SubcontractorPortal\MakeSafe\WorkOrderView.aspx.designer.cs	OK
[4/06/2018 9:20:15 AM]		C:\Development\SubcontractorPortal15.1\SubcontractorPortal\SubcontractorPortal\Properties\AssemblyInfo.cs	Skipped
[4/06/2018 9:20:15 AM]		C:\Development\SubcontractorPortal15.1\SubcontractorPortal\SubcontractorPortal\Properties\licenses.licx	OK
[4/06/2018 9:20:15 AM]		C:\Development\SubcontractorPortal15.1\SubcontractorPortal\SubcontractorPortal\Registration\CodeOfConduct.aspx	Skipped
[4/06/2018 9:20:15 AM]		C:\Development\SubcontractorPortal15.1\SubcontractorPortal\SubcontractorPortal\Registration\default.aspx	Skipped
[4/06/2018 9:20:15 AM]		C:\Development\SubcontractorPortal15.1\SubcontractorPortal\SubcontractorPortal\Registration\InductionEnd.aspx	Skipped
[4/06/2018 9:20:15 AM]		C:\Development\SubcontractorPortal15.1\SubcontractorPortal\SubcontractorPortal\Registration\Instructions.aspx	Skipped
[4/06/2018 9:20:16 AM]		C:\Development\SubcontractorPortal15.1\SubcontractorPortal\SubcontractorPortal\Registration\OtherConditions.aspx	Skipped
[4/06/2018 9:20:16 AM]		C:\Development\SubcontractorPortal15.1\SubcontractorPortal\SubcontractorPortal\Registration\Step1.aspx	Skipped
[4/06/2018 9:20:16 AM]		C:\Development\SubcontractorPortal15.1\SubcontractorPortal\SubcontractorPortal\Registration\Step10.aspx	Skipped
[4/06/2018 9:20:16 AM]		C:\Development\SubcontractorPortal15.1\SubcontractorPortal\SubcontractorPortal\Registration\Step1a.aspx	Skipped
[4/06/2018 9:20:16 AM]		C:\Development\SubcontractorPortal15.1\SubcontractorPortal\SubcontractorPortal\Registration\Step2.aspx	Skipped
[4/06/2018 9:20:16 AM]		C:\Development\SubcontractorPortal15.1\SubcontractorPortal\SubcontractorPortal\Registration\Step20.aspx	Skipped
[4/06/2018 9:20:16 AM]		C:\Development\SubcontractorPortal15.1\SubcontractorPortal\SubcontractorPortal\Registration\Step2a.aspx	Skipped
[4/06/2018 9:20:16 AM]		C:\Development\SubcontractorPortal15.1\SubcontractorPortal\SubcontractorPortal\Registration\Step3.aspx	Skipped
[4/06/2018 9:20:16 AM]		C:\Development\SubcontractorPortal15.1\SubcontractorPortal\SubcontractorPortal\Registration\Step4.aspx	Skipped
[4/06/2018 9:20:16 AM]		C:\Development\SubcontractorPortal15.1\SubcontractorPortal\SubcontractorPortal\Registration\Step40.aspx	Skipped
[4/06/2018 9:20:16 AM]		C:\Development\SubcontractorPortal15.1\SubcontractorPortal\SubcontractorPortal\Registration\Step4a.aspx	Skipped
[4/06/2018 9:20:16 AM]		C:\Development\SubcontractorPortal15.1\SubcontractorPortal\SubcontractorPortal\Registration\Step4b.aspx	Skipped
[4/06/2018 9:20:16 AM]		C:\Development\SubcontractorPortal15.1\SubcontractorPortal\SubcontractorPortal\Registration\Step5.aspx	Skipped
[4/06/2018 9:20:16 AM]		C:\Development\SubcontractorPortal15.1\SubcontractorPortal\SubcontractorPortal\Registration\WHS-Intro.aspx	Skipped
[4/06/2018 9:20:16 AM]		C:\Development\SubcontractorPortal15.1\SubcontractorPortal\SubcontractorPortal\Registration\CodeOfConduct.aspx.cs	Skipped
[4/06/2018 9:20:16 AM]		C:\Development\SubcontractorPortal15.1\SubcontractorPortal\SubcontractorPortal\Registration\CodeOfConduct.aspx.designer.cs	OK
[4/06/2018 9:20:16 AM]		C:\Development\SubcontractorPortal15.1\SubcontractorPortal\SubcontractorPortal\Registration\default.aspx.cs	Skipped
[4/06/2018 9:20:16 AM]		C:\Development\SubcontractorPortal15.1\SubcontractorPortal\SubcontractorPortal\Registration\default.aspx.designer.cs	OK
[4/06/2018 9:20:16 AM]		C:\Development\SubcontractorPortal15.1\SubcontractorPortal\SubcontractorPortal\Registration\InductionEnd.aspx.cs	Skipped
[4/06/2018 9:20:16 AM]		C:\Development\SubcontractorPortal15.1\SubcontractorPortal\SubcontractorPortal\Registration\InductionEnd.aspx.designer.cs	OK
[4/06/2018 9:20:16 AM]		C:\Development\SubcontractorPortal15.1\SubcontractorPortal\SubcontractorPortal\Registration\Instructions.aspx.cs	Skipped
[4/06/2018 9:20:16 AM]		C:\Development\SubcontractorPortal15.1\SubcontractorPortal\SubcontractorPortal\Registration\Instructions.aspx.designer.cs	OK
[4/06/2018 9:20:16 AM]		C:\Development\SubcontractorPortal15.1\SubcontractorPortal\SubcontractorPortal\Registration\OtherConditions.aspx.cs	Skipped
[4/06/2018 9:20:16 AM]		C:\Development\SubcontractorPortal15.1\SubcontractorPortal\SubcontractorPortal\Registration\OtherConditions.aspx.designer.cs	OK
[4/06/2018 9:20:16 AM]		C:\Development\SubcontractorPortal15.1\SubcontractorPortal\SubcontractorPortal\Registration\Step1.aspx.cs	Skipped
[4/06/2018 9:20:16 AM]		C:\Development\SubcontractorPortal15.1\SubcontractorPortal\SubcontractorPortal\Registration\Step1.aspx.designer.cs	OK
[4/06/2018 9:20:16 AM]		C:\Development\SubcontractorPortal15.1\SubcontractorPortal\SubcontractorPortal\Registration\Step10.aspx.cs	Skipped
[4/06/2018 9:20:17 AM]		C:\Development\SubcontractorPortal15.1\SubcontractorPortal\SubcontractorPortal\Registration\Step10.aspx.designer.cs	OK
[4/06/2018 9:20:17 AM]		C:\Development\SubcontractorPortal15.1\SubcontractorPortal\SubcontractorPortal\Registration\Step1a.aspx.cs	Skipped
[4/06/2018 9:20:17 AM]		C:\Development\SubcontractorPortal15.1\SubcontractorPortal\SubcontractorPortal\Registration\Step1a.aspx.designer.cs	OK
[4/06/2018 9:20:17 AM]		C:\Development\SubcontractorPortal15.1\SubcontractorPortal\SubcontractorPortal\Registration\Step2.aspx.cs	Skipped
[4/06/2018 9:20:17 AM]		C:\Development\SubcontractorPortal15.1\SubcontractorPortal\SubcontractorPortal\Registration\Step2.aspx.designer.cs	OK
[4/06/2018 9:20:17 AM]		C:\Development\SubcontractorPortal15.1\SubcontractorPortal\SubcontractorPortal\Registration\Step20.aspx.cs	Skipped
[4/06/2018 9:20:17 AM]		C:\Development\SubcontractorPortal15.1\SubcontractorPortal\SubcontractorPortal\Registration\Step20.aspx.designer.cs	OK
[4/06/2018 9:20:17 AM]		C:\Development\SubcontractorPortal15.1\SubcontractorPortal\SubcontractorPortal\Registration\Step2a.aspx.cs	Skipped
[4/06/2018 9:20:17 AM]		C:\Development\SubcontractorPortal15.1\SubcontractorPortal\SubcontractorPortal\Registration\Step2a.aspx.designer.cs	OK
[4/06/2018 9:20:17 AM]		C:\Development\SubcontractorPortal15.1\SubcontractorPortal\SubcontractorPortal\Registration\Step3.aspx.cs	OK
[4/06/2018 9:20:17 AM]		C:\Development\SubcontractorPortal15.1\SubcontractorPortal\SubcontractorPortal\Registration\Step3.aspx.designer.cs	OK
[4/06/2018 9:20:17 AM]		C:\Development\SubcontractorPortal15.1\SubcontractorPortal\SubcontractorPortal\Registration\Step4.aspx.cs	Skipped
[4/06/2018 9:20:17 AM]		C:\Development\SubcontractorPortal15.1\SubcontractorPortal\SubcontractorPortal\Registration\Step4.aspx.designer.cs	OK
[4/06/2018 9:20:17 AM]		C:\Development\SubcontractorPortal15.1\SubcontractorPortal\SubcontractorPortal\Registration\Step40.aspx.cs	Skipped
[4/06/2018 9:20:17 AM]		C:\Development\SubcontractorPortal15.1\SubcontractorPortal\SubcontractorPortal\Registration\Step40.aspx.designer.cs	OK
[4/06/2018 9:20:17 AM]		C:\Development\SubcontractorPortal15.1\SubcontractorPortal\SubcontractorPortal\Registration\Step4a.aspx.cs	Skipped
[4/06/2018 9:20:17 AM]		C:\Development\SubcontractorPortal15.1\SubcontractorPortal\SubcontractorPortal\Registration\Step4a.aspx.designer.cs	OK
[4/06/2018 9:20:17 AM]		C:\Development\SubcontractorPortal15.1\SubcontractorPortal\SubcontractorPortal\Registration\Step4b.aspx.cs	Skipped
[4/06/2018 9:20:17 AM]		C:\Development\SubcontractorPortal15.1\SubcontractorPortal\SubcontractorPortal\Registration\Step4b.aspx.designer.cs	OK
[4/06/2018 9:20:17 AM]		C:\Development\SubcontractorPortal15.1\SubcontractorPortal\SubcontractorPortal\Registration\Step5.aspx.cs	Skipped
[4/06/2018 9:20:17 AM]		C:\Development\SubcontractorPortal15.1\SubcontractorPortal\SubcontractorPortal\Registration\Step5.aspx.designer.cs	OK
[4/06/2018 9:20:17 AM]		C:\Development\SubcontractorPortal15.1\SubcontractorPortal\SubcontractorPortal\Registration\WHS-Intro.aspx.cs	Skipped
[4/06/2018 9:20:18 AM]		C:\Development\SubcontractorPortal15.1\SubcontractorPortal\SubcontractorPortal\Registration\WHS-Intro.aspx.designer.cs	OK
[4/06/2018 9:20:18 AM]		C:\Development\SubcontractorPortal15.1\SubcontractorPortal\SubcontractorPortal\WOrders\CompletionCertificate.aspx	Skipped
[4/06/2018 9:20:18 AM]		C:\Development\SubcontractorPortal15.1\SubcontractorPortal\SubcontractorPortal\WOrders\Photos.aspx	Skipped
[4/06/2018 9:20:18 AM]		C:\Development\SubcontractorPortal15.1\SubcontractorPortal\SubcontractorPortal\WOrders\SearchWorkOrders.aspx	Skipped
[4/06/2018 9:20:18 AM]		C:\Development\SubcontractorPortal15.1\SubcontractorPortal\SubcontractorPortal\WOrders\SiteRiskAssessment.aspx	Skipped
[4/06/2018 9:20:18 AM]		C:\Development\SubcontractorPortal15.1\SubcontractorPortal\SubcontractorPortal\WOrders\TradesOnSite.aspx	Skipped
[4/06/2018 9:20:18 AM]		C:\Development\SubcontractorPortal15.1\SubcontractorPortal\SubcontractorPortal\WOrders\VariationPhotos.aspx	Skipped
[4/06/2018 9:20:18 AM]		C:\Development\SubcontractorPortal15.1\SubcontractorPortal\SubcontractorPortal\WOrders\WhatToDo.aspx	Skipped
[4/06/2018 9:20:18 AM]		C:\Development\SubcontractorPortal15.1\SubcontractorPortal\SubcontractorPortal\WOrders\WhatToDoCancelled.aspx	Skipped
[4/06/2018 9:20:18 AM]		C:\Development\SubcontractorPortal15.1\SubcontractorPortal\SubcontractorPortal\WOrders\WhatToDoProgress.aspx	Skipped
[4/06/2018 9:20:18 AM]		C:\Development\SubcontractorPortal15.1\SubcontractorPortal\SubcontractorPortal\WOrders\WhatToDoProgressNew.aspx	Skipped
[4/06/2018 9:20:18 AM]		C:\Development\SubcontractorPortal15.1\SubcontractorPortal\SubcontractorPortal\WOrders\WHS.aspx	Skipped
[4/06/2018 9:20:18 AM]		C:\Development\SubcontractorPortal15.1\SubcontractorPortal\SubcontractorPortal\WOrders\WorkOrderAudit.aspx	Skipped
[4/06/2018 9:20:18 AM]		C:\Development\SubcontractorPortal15.1\SubcontractorPortal\SubcontractorPortal\WOrders\WorkOrderDetail.aspx	Skipped
[4/06/2018 9:20:18 AM]		C:\Development\SubcontractorPortal15.1\SubcontractorPortal\SubcontractorPortal\WOrders\WorkOrderInvoice.aspx	Skipped
[4/06/2018 9:20:18 AM]		C:\Development\SubcontractorPortal15.1\SubcontractorPortal\SubcontractorPortal\WOrders\WorkOrderList.aspx	Skipped
[4/06/2018 9:20:18 AM]		C:\Development\SubcontractorPortal15.1\SubcontractorPortal\SubcontractorPortal\WOrders\WorkOrderView.aspx	Skipped
[4/06/2018 9:20:18 AM]		C:\Development\SubcontractorPortal15.1\SubcontractorPortal\SubcontractorPortal\WOrders\CompletionCertificate.ascx	Skipped
[4/06/2018 9:20:18 AM]		C:\Development\SubcontractorPortal15.1\SubcontractorPortal\SubcontractorPortal\WOrders\Photos.ascx	Skipped
[4/06/2018 9:20:18 AM]		C:\Development\SubcontractorPortal15.1\SubcontractorPortal\SubcontractorPortal\WOrders\SiteRiskAssessment.ascx	Skipped
[4/06/2018 9:20:18 AM]		C:\Development\SubcontractorPortal15.1\SubcontractorPortal\SubcontractorPortal\WOrders\TradesOnSite.ascx	Skipped
[4/06/2018 9:20:18 AM]		C:\Development\SubcontractorPortal15.1\SubcontractorPortal\SubcontractorPortal\WOrders\WHS.ascx	Skipped
[4/06/2018 9:20:18 AM]		C:\Development\SubcontractorPortal15.1\SubcontractorPortal\SubcontractorPortal\WOrders\WorkOrderAudit.ascx	Skipped
[4/06/2018 9:20:18 AM]		C:\Development\SubcontractorPortal15.1\SubcontractorPortal\SubcontractorPortal\WOrders\WorkOrderInvoice.ascx	Skipped
[4/06/2018 9:20:18 AM]		C:\Development\SubcontractorPortal15.1\SubcontractorPortal\SubcontractorPortal\WOrders\CompletionCertificate.ascx.cs	Skipped
[4/06/2018 9:20:18 AM]		C:\Development\SubcontractorPortal15.1\SubcontractorPortal\SubcontractorPortal\WOrders\CompletionCertificate.ascx.designer.cs	Skipped
[4/06/2018 9:20:19 AM]		C:\Development\SubcontractorPortal15.1\SubcontractorPortal\SubcontractorPortal\WOrders\CompletionCertificate.aspx.cs	Skipped
[4/06/2018 9:20:19 AM]		C:\Development\SubcontractorPortal15.1\SubcontractorPortal\SubcontractorPortal\WOrders\CompletionCertificate.aspx.designer.cs	Skipped
[4/06/2018 9:20:19 AM]		C:\Development\SubcontractorPortal15.1\SubcontractorPortal\SubcontractorPortal\WOrders\Photos.ascx.cs	Skipped
[4/06/2018 9:20:19 AM]		C:\Development\SubcontractorPortal15.1\SubcontractorPortal\SubcontractorPortal\WOrders\Photos.ascx.designer.cs	Skipped
[4/06/2018 9:20:19 AM]		C:\Development\SubcontractorPortal15.1\SubcontractorPortal\SubcontractorPortal\WOrders\Photos.aspx.cs	OK
[4/06/2018 9:20:19 AM]		C:\Development\SubcontractorPortal15.1\SubcontractorPortal\SubcontractorPortal\WOrders\Photos.aspx.designer.cs	OK
[4/06/2018 9:20:19 AM]		C:\Development\SubcontractorPortal15.1\SubcontractorPortal\SubcontractorPortal\WOrders\SearchWorkOrders.aspx.cs	Skipped
[4/06/2018 9:20:19 AM]		C:\Development\SubcontractorPortal15.1\SubcontractorPortal\SubcontractorPortal\WOrders\SearchWorkOrders.aspx.designer.cs	Skipped
[4/06/2018 9:20:19 AM]		C:\Development\SubcontractorPortal15.1\SubcontractorPortal\SubcontractorPortal\WOrders\SiteRiskAssessment.ascx.cs	Skipped
[4/06/2018 9:20:19 AM]		C:\Development\SubcontractorPortal15.1\SubcontractorPortal\SubcontractorPortal\WOrders\SiteRiskAssessment.ascx.designer.cs	Skipped
[4/06/2018 9:20:19 AM]		C:\Development\SubcontractorPortal15.1\SubcontractorPortal\SubcontractorPortal\WOrders\SiteRiskAssessment.aspx.cs	Skipped
[4/06/2018 9:20:19 AM]		C:\Development\SubcontractorPortal15.1\SubcontractorPortal\SubcontractorPortal\WOrders\SiteRiskAssessment.aspx.designer.cs	OK
[4/06/2018 9:20:19 AM]		C:\Development\SubcontractorPortal15.1\SubcontractorPortal\SubcontractorPortal\WOrders\TradesOnSite.ascx.cs	Skipped
[4/06/2018 9:20:19 AM]		C:\Development\SubcontractorPortal15.1\SubcontractorPortal\SubcontractorPortal\WOrders\TradesOnSite.ascx.designer.cs	Skipped
[4/06/2018 9:20:19 AM]		C:\Development\SubcontractorPortal15.1\SubcontractorPortal\SubcontractorPortal\WOrders\TradesOnSite.aspx.cs	Skipped
[4/06/2018 9:20:19 AM]		C:\Development\SubcontractorPortal15.1\SubcontractorPortal\SubcontractorPortal\WOrders\TradesOnSite.aspx.designer.cs	Skipped
[4/06/2018 9:20:19 AM]		C:\Development\SubcontractorPortal15.1\SubcontractorPortal\SubcontractorPortal\WOrders\VariationPhotos.aspx.cs	OK
[4/06/2018 9:20:19 AM]		C:\Development\SubcontractorPortal15.1\SubcontractorPortal\SubcontractorPortal\WOrders\VariationPhotos.aspx.designer.cs	OK
[4/06/2018 9:20:19 AM]		C:\Development\SubcontractorPortal15.1\SubcontractorPortal\SubcontractorPortal\WOrders\WhatToDo.aspx.cs	Skipped
[4/06/2018 9:20:19 AM]		C:\Development\SubcontractorPortal15.1\SubcontractorPortal\SubcontractorPortal\WOrders\WhatToDo.aspx.designer.cs	OK
[4/06/2018 9:20:19 AM]		C:\Development\SubcontractorPortal15.1\SubcontractorPortal\SubcontractorPortal\WOrders\WhatToDoCancelled.aspx.cs	OK
[4/06/2018 9:20:19 AM]		C:\Development\SubcontractorPortal15.1\SubcontractorPortal\SubcontractorPortal\WOrders\WhatToDoCancelled.aspx.designer.cs	OK
[4/06/2018 9:20:19 AM]		C:\Development\SubcontractorPortal15.1\SubcontractorPortal\SubcontractorPortal\WOrders\WhatToDoProgress.aspx.cs	OK
[4/06/2018 9:20:19 AM]		C:\Development\SubcontractorPortal15.1\SubcontractorPortal\SubcontractorPortal\WOrders\WhatToDoProgress.aspx.designer.cs	OK
[4/06/2018 9:20:19 AM]		C:\Development\SubcontractorPortal15.1\SubcontractorPortal\SubcontractorPortal\WOrders\WhatToDoProgressNew.aspx.cs	OK
[4/06/2018 9:20:19 AM]		C:\Development\SubcontractorPortal15.1\SubcontractorPortal\SubcontractorPortal\WOrders\WhatToDoProgressNew.aspx.designer.cs	OK
[4/06/2018 9:20:19 AM]		C:\Development\SubcontractorPortal15.1\SubcontractorPortal\SubcontractorPortal\WOrders\WHS.ascx.cs	Skipped
[4/06/2018 9:20:20 AM]		C:\Development\SubcontractorPortal15.1\SubcontractorPortal\SubcontractorPortal\WOrders\WHS.ascx.designer.cs	Skipped
[4/06/2018 9:20:20 AM]		C:\Development\SubcontractorPortal15.1\SubcontractorPortal\SubcontractorPortal\WOrders\WHS.aspx.cs	Skipped
[4/06/2018 9:20:20 AM]		C:\Development\SubcontractorPortal15.1\SubcontractorPortal\SubcontractorPortal\WOrders\WHS.aspx.designer.cs	Skipped
[4/06/2018 9:20:20 AM]		C:\Development\SubcontractorPortal15.1\SubcontractorPortal\SubcontractorPortal\WOrders\WorkOrderAudit.ascx.cs	Skipped
[4/06/2018 9:20:20 AM]		C:\Development\SubcontractorPortal15.1\SubcontractorPortal\SubcontractorPortal\WOrders\WorkOrderAudit.ascx.designer.cs	Skipped
[4/06/2018 9:20:20 AM]		C:\Development\SubcontractorPortal15.1\SubcontractorPortal\SubcontractorPortal\WOrders\WorkOrderAudit.aspx.cs	Skipped
[4/06/2018 9:20:20 AM]		C:\Development\SubcontractorPortal15.1\SubcontractorPortal\SubcontractorPortal\WOrders\WorkOrderAudit.aspx.designer.cs	OK
[4/06/2018 9:20:20 AM]		C:\Development\SubcontractorPortal15.1\SubcontractorPortal\SubcontractorPortal\WOrders\WorkOrderDetail.aspx.cs	Skipped
[4/06/2018 9:20:20 AM]		C:\Development\SubcontractorPortal15.1\SubcontractorPortal\SubcontractorPortal\WOrders\WorkOrderDetail.aspx.designer.cs	Skipped
[4/06/2018 9:20:20 AM]		C:\Development\SubcontractorPortal15.1\SubcontractorPortal\SubcontractorPortal\WOrders\WorkOrderInvoice.ascx.cs	Skipped
[4/06/2018 9:20:20 AM]		C:\Development\SubcontractorPortal15.1\SubcontractorPortal\SubcontractorPortal\WOrders\WorkOrderInvoice.ascx.designer.cs	Skipped
[4/06/2018 9:20:20 AM]		C:\Development\SubcontractorPortal15.1\SubcontractorPortal\SubcontractorPortal\WOrders\WorkOrderInvoice.aspx.cs	Skipped
[4/06/2018 9:20:20 AM]		C:\Development\SubcontractorPortal15.1\SubcontractorPortal\SubcontractorPortal\WOrders\WorkOrderInvoice.aspx.designer.cs	Skipped
[4/06/2018 9:20:20 AM]		C:\Development\SubcontractorPortal15.1\SubcontractorPortal\SubcontractorPortal\WOrders\WorkOrderList.aspx.cs	Skipped
[4/06/2018 9:20:20 AM]		C:\Development\SubcontractorPortal15.1\SubcontractorPortal\SubcontractorPortal\WOrders\WorkOrderList.aspx.designer.cs	OK
[4/06/2018 9:20:20 AM]		C:\Development\SubcontractorPortal15.1\SubcontractorPortal\SubcontractorPortal\WOrders\WorkOrderView.aspx.cs	OK
[4/06/2018 9:20:20 AM]		C:\Development\SubcontractorPortal15.1\SubcontractorPortal\SubcontractorPortal\WOrders\WorkOrderView.aspx.designer.cs	OK
[4/06/2018 9:20:20 AM]		C:\Development\SubcontractorPortal15.1\SubcontractorPortal\SubcontractorPortal\obj\Debug\TemporaryGeneratedFile_036C0B5B-1481-4323-8D20-8F5ADCB23D92.cs	Skipped
[4/06/2018 9:20:20 AM]		C:\Development\SubcontractorPortal15.1\SubcontractorPortal\SubcontractorPortal\obj\Debug\TemporaryGeneratedFile_5937a670-0e60-4077-877b-f7221da3dda1.cs	Skipped
[4/06/2018 9:20:20 AM]		C:\Development\SubcontractorPortal15.1\SubcontractorPortal\SubcontractorPortal\obj\Debug\TemporaryGeneratedFile_E7A71F73-0F8D-4B9B-B56E-8E70B10BC5D3.cs	Skipped
[4/06/2018 9:20:20 AM]		C:\Development\SubcontractorPortal15.1\SubcontractorPortal\SubcontractorPortal\obj\Release\TemporaryGeneratedFile_036C0B5B-1481-4323-8D20-8F5ADCB23D92.cs	Skipped
[4/06/2018 9:20:20 AM]		C:\Development\SubcontractorPortal15.1\SubcontractorPortal\SubcontractorPortal\obj\Release\TemporaryGeneratedFile_5937a670-0e60-4077-877b-f7221da3dda1.cs	Skipped
[4/06/2018 9:20:20 AM]		C:\Development\SubcontractorPortal15.1\SubcontractorPortal\SubcontractorPortal\obj\Release\TemporaryGeneratedFile_E7A71F73-0F8D-4B9B-B56E-8E70B10BC5D3.cs	Skipped
[4/06/2018 9:20:20 AM]		C:\Development\SubcontractorPortal15.1\SubcontractorPortal\SubcontractorPortal\obj\Release\Package\PackageTmp\Default.aspx	Skipped
[4/06/2018 9:20:20 AM]		C:\Development\SubcontractorPortal15.1\SubcontractorPortal\SubcontractorPortal\obj\Release\Package\PackageTmp\Logout.aspx	Skipped
[4/06/2018 9:20:20 AM]		C:\Development\SubcontractorPortal15.1\SubcontractorPortal\SubcontractorPortal\obj\Release\Package\PackageTmp\PDF.aspx	Skipped
[4/06/2018 9:20:20 AM]		C:\Development\SubcontractorPortal15.1\SubcontractorPortal\SubcontractorPortal\obj\Release\Package\PackageTmp\TopPage.aspx	Skipped
[4/06/2018 9:20:21 AM]		C:\Development\SubcontractorPortal15.1\SubcontractorPortal\SubcontractorPortal\obj\Release\Package\PackageTmp\TopPageStaff.aspx	Skipped
[4/06/2018 9:20:21 AM]		C:\Development\SubcontractorPortal15.1\SubcontractorPortal\SubcontractorPortal\obj\Release\Package\PackageTmp\Global.asax	Skipped
[4/06/2018 9:20:21 AM]		C:\Development\SubcontractorPortal15.1\SubcontractorPortal\SubcontractorPortal\obj\Release\Package\PackageTmp\Login.Master	Skipped
[4/06/2018 9:20:21 AM]		C:\Development\SubcontractorPortal15.1\SubcontractorPortal\SubcontractorPortal\obj\Release\Package\PackageTmp\Administration\Licenses.aspx	Skipped
[4/06/2018 9:20:21 AM]		C:\Development\SubcontractorPortal15.1\SubcontractorPortal\SubcontractorPortal\obj\Release\Package\PackageTmp\MakeSafe\CompletionCertificate.aspx	Skipped
[4/06/2018 9:20:21 AM]		C:\Development\SubcontractorPortal15.1\SubcontractorPortal\SubcontractorPortal\obj\Release\Package\PackageTmp\MakeSafe\Photos.aspx	Skipped
[4/06/2018 9:20:21 AM]		C:\Development\SubcontractorPortal15.1\SubcontractorPortal\SubcontractorPortal\obj\Release\Package\PackageTmp\MakeSafe\RiskAssessment.aspx	Skipped
[4/06/2018 9:20:21 AM]		C:\Development\SubcontractorPortal15.1\SubcontractorPortal\SubcontractorPortal\obj\Release\Package\PackageTmp\MakeSafe\TradesOnSite.aspx	Skipped
[4/06/2018 9:20:21 AM]		C:\Development\SubcontractorPortal15.1\SubcontractorPortal\SubcontractorPortal\obj\Release\Package\PackageTmp\MakeSafe\WhatToDo.aspx	Skipped
[4/06/2018 9:20:21 AM]		C:\Development\SubcontractorPortal15.1\SubcontractorPortal\SubcontractorPortal\obj\Release\Package\PackageTmp\MakeSafe\WhatToDoCancelled.aspx	Skipped
[4/06/2018 9:20:21 AM]		C:\Development\SubcontractorPortal15.1\SubcontractorPortal\SubcontractorPortal\obj\Release\Package\PackageTmp\MakeSafe\WhatToDoProgress.aspx	Skipped
[4/06/2018 9:20:21 AM]		C:\Development\SubcontractorPortal15.1\SubcontractorPortal\SubcontractorPortal\obj\Release\Package\PackageTmp\MakeSafe\WorkOrderAudit.aspx	Skipped
[4/06/2018 9:20:21 AM]		C:\Development\SubcontractorPortal15.1\SubcontractorPortal\SubcontractorPortal\obj\Release\Package\PackageTmp\MakeSafe\WorkOrderDetail.aspx	Skipped
[4/06/2018 9:20:21 AM]		C:\Development\SubcontractorPortal15.1\SubcontractorPortal\SubcontractorPortal\obj\Release\Package\PackageTmp\MakeSafe\WorkOrderList.aspx	Skipped
[4/06/2018 9:20:21 AM]		C:\Development\SubcontractorPortal15.1\SubcontractorPortal\SubcontractorPortal\obj\Release\Package\PackageTmp\MakeSafe\WorkorderListStaff.aspx	Skipped
[4/06/2018 9:20:21 AM]		C:\Development\SubcontractorPortal15.1\SubcontractorPortal\SubcontractorPortal\obj\Release\Package\PackageTmp\MakeSafe\WorkOrderView.aspx	Skipped
[4/06/2018 9:20:21 AM]		C:\Development\SubcontractorPortal15.1\SubcontractorPortal\SubcontractorPortal\obj\Release\Package\PackageTmp\MakeSafe\CompletionCertificate.ascx	Skipped
[4/06/2018 9:20:21 AM]		C:\Development\SubcontractorPortal15.1\SubcontractorPortal\SubcontractorPortal\obj\Release\Package\PackageTmp\MakeSafe\Photos.ascx	Skipped
[4/06/2018 9:20:21 AM]		C:\Development\SubcontractorPortal15.1\SubcontractorPortal\SubcontractorPortal\obj\Release\Package\PackageTmp\MakeSafe\RiskAssessment.ascx	Skipped
[4/06/2018 9:20:21 AM]		C:\Development\SubcontractorPortal15.1\SubcontractorPortal\SubcontractorPortal\obj\Release\Package\PackageTmp\MakeSafe\TradesOnSite.ascx	Skipped
[4/06/2018 9:20:21 AM]		C:\Development\SubcontractorPortal15.1\SubcontractorPortal\SubcontractorPortal\obj\Release\Package\PackageTmp\MakeSafe\WorkOrderAudit.ascx	Skipped
[4/06/2018 9:20:21 AM]		C:\Development\SubcontractorPortal15.1\SubcontractorPortal\SubcontractorPortal\obj\Release\Package\PackageTmp\Registration\CodeOfConduct.aspx	Skipped
[4/06/2018 9:20:21 AM]		C:\Development\SubcontractorPortal15.1\SubcontractorPortal\SubcontractorPortal\obj\Release\Package\PackageTmp\Registration\default.aspx	Skipped
[4/06/2018 9:20:21 AM]		C:\Development\SubcontractorPortal15.1\SubcontractorPortal\SubcontractorPortal\obj\Release\Package\PackageTmp\Registration\InductionEnd.aspx	Skipped
[4/06/2018 9:20:21 AM]		C:\Development\SubcontractorPortal15.1\SubcontractorPortal\SubcontractorPortal\obj\Release\Package\PackageTmp\Registration\Instructions.aspx	Skipped
[4/06/2018 9:20:21 AM]		C:\Development\SubcontractorPortal15.1\SubcontractorPortal\SubcontractorPortal\obj\Release\Package\PackageTmp\Registration\OtherConditions.aspx	Skipped
[4/06/2018 9:20:21 AM]		C:\Development\SubcontractorPortal15.1\SubcontractorPortal\SubcontractorPortal\obj\Release\Package\PackageTmp\Registration\Step1.aspx	Skipped
[4/06/2018 9:20:21 AM]		C:\Development\SubcontractorPortal15.1\SubcontractorPortal\SubcontractorPortal\obj\Release\Package\PackageTmp\Registration\Step10.aspx	Skipped
[4/06/2018 9:20:21 AM]		C:\Development\SubcontractorPortal15.1\SubcontractorPortal\SubcontractorPortal\obj\Release\Package\PackageTmp\Registration\Step1a.aspx	Skipped
[4/06/2018 9:20:22 AM]		C:\Development\SubcontractorPortal15.1\SubcontractorPortal\SubcontractorPortal\obj\Release\Package\PackageTmp\Registration\Step2.aspx	Skipped
[4/06/2018 9:20:22 AM]		C:\Development\SubcontractorPortal15.1\SubcontractorPortal\SubcontractorPortal\obj\Release\Package\PackageTmp\Registration\Step20.aspx	Skipped
[4/06/2018 9:20:22 AM]		C:\Development\SubcontractorPortal15.1\SubcontractorPortal\SubcontractorPortal\obj\Release\Package\PackageTmp\Registration\Step2a.aspx	Skipped
[4/06/2018 9:20:22 AM]		C:\Development\SubcontractorPortal15.1\SubcontractorPortal\SubcontractorPortal\obj\Release\Package\PackageTmp\Registration\Step3.aspx	Skipped
[4/06/2018 9:20:22 AM]		C:\Development\SubcontractorPortal15.1\SubcontractorPortal\SubcontractorPortal\obj\Release\Package\PackageTmp\Registration\Step4.aspx	Skipped
[4/06/2018 9:20:22 AM]		C:\Development\SubcontractorPortal15.1\SubcontractorPortal\SubcontractorPortal\obj\Release\Package\PackageTmp\Registration\Step40.aspx	Skipped
[4/06/2018 9:20:22 AM]		C:\Development\SubcontractorPortal15.1\SubcontractorPortal\SubcontractorPortal\obj\Release\Package\PackageTmp\Registration\Step4a.aspx	Skipped
[4/06/2018 9:20:22 AM]		C:\Development\SubcontractorPortal15.1\SubcontractorPortal\SubcontractorPortal\obj\Release\Package\PackageTmp\Registration\Step4b.aspx	Skipped
[4/06/2018 9:20:22 AM]		C:\Development\SubcontractorPortal15.1\SubcontractorPortal\SubcontractorPortal\obj\Release\Package\PackageTmp\Registration\Step5.aspx	Skipped
[4/06/2018 9:20:22 AM]		C:\Development\SubcontractorPortal15.1\SubcontractorPortal\SubcontractorPortal\obj\Release\Package\PackageTmp\Registration\WHS-Intro.aspx	Skipped
[4/06/2018 9:20:22 AM]		C:\Development\SubcontractorPortal15.1\SubcontractorPortal\SubcontractorPortal\obj\Release\Package\PackageTmp\WOrders\CompletionCertificate.aspx	Skipped
[4/06/2018 9:20:22 AM]		C:\Development\SubcontractorPortal15.1\SubcontractorPortal\SubcontractorPortal\obj\Release\Package\PackageTmp\WOrders\Photos.aspx	Skipped
[4/06/2018 9:20:22 AM]		C:\Development\SubcontractorPortal15.1\SubcontractorPortal\SubcontractorPortal\obj\Release\Package\PackageTmp\WOrders\SearchWorkOrders.aspx	Skipped
[4/06/2018 9:20:22 AM]		C:\Development\SubcontractorPortal15.1\SubcontractorPortal\SubcontractorPortal\obj\Release\Package\PackageTmp\WOrders\SiteRiskAssessment.aspx	Skipped
[4/06/2018 9:20:22 AM]		C:\Development\SubcontractorPortal15.1\SubcontractorPortal\SubcontractorPortal\obj\Release\Package\PackageTmp\WOrders\TradesOnSite.aspx	Skipped
[4/06/2018 9:20:22 AM]		C:\Development\SubcontractorPortal15.1\SubcontractorPortal\SubcontractorPortal\obj\Release\Package\PackageTmp\WOrders\VariationPhotos.aspx	Skipped
[4/06/2018 9:20:22 AM]		C:\Development\SubcontractorPortal15.1\SubcontractorPortal\SubcontractorPortal\obj\Release\Package\PackageTmp\WOrders\WhatToDo.aspx	Skipped
[4/06/2018 9:20:22 AM]		C:\Development\SubcontractorPortal15.1\SubcontractorPortal\SubcontractorPortal\obj\Release\Package\PackageTmp\WOrders\WhatToDoCancelled.aspx	Skipped
[4/06/2018 9:20:22 AM]		C:\Development\SubcontractorPortal15.1\SubcontractorPortal\SubcontractorPortal\obj\Release\Package\PackageTmp\WOrders\WhatToDoProgress.aspx	Skipped
[4/06/2018 9:20:22 AM]		C:\Development\SubcontractorPortal15.1\SubcontractorPortal\SubcontractorPortal\obj\Release\Package\PackageTmp\WOrders\WhatToDoProgressNew.aspx	Skipped
[4/06/2018 9:20:22 AM]		C:\Development\SubcontractorPortal15.1\SubcontractorPortal\SubcontractorPortal\obj\Release\Package\PackageTmp\WOrders\WHS.aspx	Skipped
[4/06/2018 9:20:22 AM]		C:\Development\SubcontractorPortal15.1\SubcontractorPortal\SubcontractorPortal\obj\Release\Package\PackageTmp\WOrders\WorkOrderAudit.aspx	Skipped
[4/06/2018 9:20:22 AM]		C:\Development\SubcontractorPortal15.1\SubcontractorPortal\SubcontractorPortal\obj\Release\Package\PackageTmp\WOrders\WorkOrderDetail.aspx	Skipped
[4/06/2018 9:20:22 AM]		C:\Development\SubcontractorPortal15.1\SubcontractorPortal\SubcontractorPortal\obj\Release\Package\PackageTmp\WOrders\WorkOrderInvoice.aspx	Skipped
[4/06/2018 9:20:22 AM]		C:\Development\SubcontractorPortal15.1\SubcontractorPortal\SubcontractorPortal\obj\Release\Package\PackageTmp\WOrders\WorkOrderList.aspx	Skipped
[4/06/2018 9:20:22 AM]		C:\Development\SubcontractorPortal15.1\SubcontractorPortal\SubcontractorPortal\obj\Release\Package\PackageTmp\WOrders\WorkOrderView.aspx	Skipped
[4/06/2018 9:20:23 AM]		C:\Development\SubcontractorPortal15.1\SubcontractorPortal\SubcontractorPortal\obj\Release\Package\PackageTmp\WOrders\CompletionCertificate.ascx	Skipped
[4/06/2018 9:20:23 AM]		C:\Development\SubcontractorPortal15.1\SubcontractorPortal\SubcontractorPortal\obj\Release\Package\PackageTmp\WOrders\Photos.ascx	Skipped
[4/06/2018 9:20:23 AM]		C:\Development\SubcontractorPortal15.1\SubcontractorPortal\SubcontractorPortal\obj\Release\Package\PackageTmp\WOrders\SiteRiskAssessment.ascx	Skipped
[4/06/2018 9:20:23 AM]		C:\Development\SubcontractorPortal15.1\SubcontractorPortal\SubcontractorPortal\obj\Release\Package\PackageTmp\WOrders\TradesOnSite.ascx	Skipped
[4/06/2018 9:20:23 AM]		C:\Development\SubcontractorPortal15.1\SubcontractorPortal\SubcontractorPortal\obj\Release\Package\PackageTmp\WOrders\WHS.ascx	Skipped
[4/06/2018 9:20:23 AM]		C:\Development\SubcontractorPortal15.1\SubcontractorPortal\SubcontractorPortal\obj\Release\Package\PackageTmp\WOrders\WorkOrderAudit.ascx	Skipped
[4/06/2018 9:20:23 AM]		C:\Development\SubcontractorPortal15.1\SubcontractorPortal\SubcontractorPortal\obj\Release\Package\PackageTmp\WOrders\WorkOrderInvoice.ascx	Skipped
[4/06/2018 9:20:23 AM]		C:\Development\SubcontractorPortal15.1\SubcontractorDataComponents\SubcontractorDataComponents\Web.config	Skipped
[4/06/2018 9:20:23 AM]		C:\Development\SubcontractorPortal15.1\SubcontractorPortal\HTMLToPDF\Web.config	Skipped
[4/06/2018 9:20:23 AM]		C:\Development\SubcontractorPortal15.1\SubcontractorPortal\SubcontractorPortal\Web.config	OK
[4/06/2018 9:20:24 AM]		C:\Development\SubcontractorPortal15.1\SubcontractorPortal\SubcontractorPortal\obj\Release\Package\PackageTmp\Web.config	OK
[4/06/2018 9:20:24 AM]		C:\Development\SubcontractorPortal15.1\SubcontractorPortal\SubcontractorPortal\obj\Release\TransformWebConfig\assist\Web.config	Skipped
[4/06/2018 9:20:24 AM]		C:\Development\SubcontractorPortal15.1\SubcontractorPortal\SubcontractorPortal\obj\Release\TransformWebConfig\original\Web.config	OK
[4/06/2018 9:20:24 AM]		C:\Development\SubcontractorPortal15.1\SubcontractorPortal\SubcontractorPortal\obj\Release\TransformWebConfig\transformed\Web.config	OK
[4/06/2018 9:20:24 AM]	Conversion complete.	C:\Development\SubcontractorPortal15.1	OK
